<?xml version="1.0" encoding="UTF-8"?>
<testsuite name="visitors.CalcVisitorTest" tests="1" skipped="0" failures="0" errors="0" timestamp="2021-01-28T17:01:42" hostname="UNIT-1962" time="0.025">
  <properties/>
  <testcase name="division on 0" classname="visitors.CalcVisitorTest" time="0.025"/>
  <system-out><![CDATA[]]></system-out>
  <system-err><![CDATA[]]></system-err>
</testsuite>
