<?xml version="1.0" encoding="UTF-8"?>
<testsuite name="requests.ReportRequestTest" tests="4" skipped="0" failures="0" errors="0" timestamp="2021-04-12T03:28:15" hostname="UNIT-1962" time="0.034">
  <properties/>
  <testcase name="unsubscribedReportTest()" classname="requests.ReportRequestTest" time="0.028"/>
  <testcase name="meanFrequencyTest()" classname="requests.ReportRequestTest" time="0.003"/>
  <testcase name="subscribedReportTest()" classname="requests.ReportRequestTest" time="0.001"/>
  <testcase name="meanDurationTest()" classname="requests.ReportRequestTest" time="0.001"/>
  <system-out><![CDATA[]]></system-out>
  <system-err><![CDATA[]]></system-err>
</testsuite>
